[Fri, 01 Nov 2019 09:51:15 GMT] GET /attribute 401 1.822
[Fri, 01 Nov 2019 09:51:15 GMT] GET /attribute 401 0.132
[Fri, 01 Nov 2019 09:51:15 GMT] GET /attribute/507f1f77bcf86cd799439011 401 0.120
[Fri, 01 Nov 2019 09:51:15 GMT] POST /generator 401 0.197
[Fri, 01 Nov 2019 09:51:15 GMT] POST /generator/inplace 401 0.135
[Fri, 01 Nov 2019 09:51:15 GMT] GET /databaseMeta 401 0.144
[Fri, 01 Nov 2019 09:51:15 GMT] GET /databaseMeta 401 0.145
[Fri, 01 Nov 2019 09:51:15 GMT] GET /databaseMeta/507f1f77bcf86cd799439011 401 0.131
[Fri, 01 Nov 2019 09:51:15 GMT] POST /databaseMeta 401 0.078
[Fri, 01 Nov 2019 09:51:15 GMT] PUT /databaseMeta/5dbc0013f8924a39bdef0011 401 0.053
[Fri, 01 Nov 2019 09:51:15 GMT] PUT /databaseMeta/507f1f77bcf86cd799439011 401 0.050
[Fri, 01 Nov 2019 09:51:15 GMT] DELETE /databaseMeta/5dbc0013f8924a39bdef0013 401 0.044
[Fri, 01 Nov 2019 09:51:15 GMT] DELETE /databaseMeta/507f1f77bcf86cd799439011 401 0.050
[Fri, 01 Nov 2019 09:54:10 GMT] GET /attribute 401 5.227
[Fri, 01 Nov 2019 09:54:10 GMT] GET /attribute 401 0.451
[Fri, 01 Nov 2019 09:54:10 GMT] GET /attribute/507f1f77bcf86cd799439011 401 0.327
[Fri, 01 Nov 2019 09:54:10 GMT] POST /generator 401 0.194
[Fri, 01 Nov 2019 09:54:10 GMT] POST /generator/inplace 401 0.141
[Fri, 01 Nov 2019 09:54:10 GMT] GET /databaseMeta 401 0.166
[Fri, 01 Nov 2019 09:54:10 GMT] GET /databaseMeta 401 0.148
[Fri, 01 Nov 2019 09:54:10 GMT] GET /databaseMeta/507f1f77bcf86cd799439011 401 0.137
[Fri, 01 Nov 2019 09:54:10 GMT] POST /databaseMeta 401 0.074
[Fri, 01 Nov 2019 09:54:10 GMT] PUT /databaseMeta/5dbc00c206200b39fedd6955 401 0.056
[Fri, 01 Nov 2019 09:54:10 GMT] PUT /databaseMeta/507f1f77bcf86cd799439011 401 0.060
[Fri, 01 Nov 2019 09:54:10 GMT] DELETE /databaseMeta/5dbc00c206200b39fedd6957 401 0.052
[Fri, 01 Nov 2019 09:54:10 GMT] DELETE /databaseMeta/507f1f77bcf86cd799439011 401 0.048
[Fri, 01 Nov 2019 09:54:38 GMT] GET /attribute 401 1.120
[Fri, 01 Nov 2019 09:54:38 GMT] GET /attribute 401 0.139
[Fri, 01 Nov 2019 09:54:38 GMT] GET /attribute/507f1f77bcf86cd799439011 401 0.120
[Fri, 01 Nov 2019 09:54:38 GMT] POST /generator 401 0.195
[Fri, 01 Nov 2019 09:54:38 GMT] POST /generator/inplace 401 0.143
[Fri, 01 Nov 2019 09:54:38 GMT] GET /databaseMeta 401 0.141
[Fri, 01 Nov 2019 09:54:38 GMT] GET /databaseMeta 401 0.235
[Fri, 01 Nov 2019 09:54:38 GMT] GET /databaseMeta/507f1f77bcf86cd799439011 401 0.129
[Fri, 01 Nov 2019 09:54:38 GMT] POST /databaseMeta 401 0.074
[Fri, 01 Nov 2019 09:54:38 GMT] PUT /databaseMeta/5dbc00de324ca73a172eb33e 401 0.068
[Fri, 01 Nov 2019 09:54:38 GMT] PUT /databaseMeta/507f1f77bcf86cd799439011 401 0.057
[Fri, 01 Nov 2019 09:54:38 GMT] DELETE /databaseMeta/5dbc00de324ca73a172eb340 401 0.052
[Fri, 01 Nov 2019 09:54:38 GMT] DELETE /databaseMeta/507f1f77bcf86cd799439011 401 0.046
[Fri, 01 Nov 2019 09:54:51 GMT] GET /attribute 401 3.590
[Fri, 01 Nov 2019 09:54:51 GMT] GET /attribute 401 0.140
[Fri, 01 Nov 2019 09:54:51 GMT] GET /attribute/507f1f77bcf86cd799439011 401 0.124
[Fri, 01 Nov 2019 09:54:51 GMT] POST /generator 401 0.212
[Fri, 01 Nov 2019 09:54:51 GMT] POST /generator/inplace 401 0.142
[Fri, 01 Nov 2019 09:54:51 GMT] GET /databaseMeta 401 0.279
[Fri, 01 Nov 2019 09:54:51 GMT] GET /databaseMeta 401 0.153
[Fri, 01 Nov 2019 09:54:51 GMT] GET /databaseMeta/507f1f77bcf86cd799439011 401 0.135
[Fri, 01 Nov 2019 09:54:51 GMT] POST /databaseMeta 401 0.075
[Fri, 01 Nov 2019 09:54:51 GMT] PUT /databaseMeta/5dbc00eb75ff0c3a29c6b70a 401 0.067
[Fri, 01 Nov 2019 09:54:51 GMT] PUT /databaseMeta/507f1f77bcf86cd799439011 401 0.052
[Fri, 01 Nov 2019 09:54:51 GMT] DELETE /databaseMeta/5dbc00eb75ff0c3a29c6b70c 401 0.059
[Fri, 01 Nov 2019 09:54:51 GMT] DELETE /databaseMeta/507f1f77bcf86cd799439011 401 0.047
[Fri, 01 Nov 2019 09:55:50 GMT] GET /attribute 200 14.180
[Fri, 01 Nov 2019 09:55:50 GMT] GET /attribute 401 0.157
[Fri, 01 Nov 2019 09:55:50 GMT] GET /attribute/507f1f77bcf86cd799439011 401 0.133
[Fri, 01 Nov 2019 09:55:50 GMT] POST /generator 401 0.167
[Fri, 01 Nov 2019 09:55:50 GMT] POST /generator/inplace 401 0.163
[Fri, 01 Nov 2019 09:55:50 GMT] GET /databaseMeta 401 0.219
[Fri, 01 Nov 2019 09:55:50 GMT] GET /databaseMeta 401 0.140
[Fri, 01 Nov 2019 09:55:50 GMT] GET /databaseMeta/507f1f77bcf86cd799439011 401 0.126
[Fri, 01 Nov 2019 09:55:50 GMT] POST /databaseMeta 401 0.434
[Fri, 01 Nov 2019 09:55:50 GMT] PUT /databaseMeta/5dbc0126b9a60e3a4941363c 401 0.050
[Fri, 01 Nov 2019 09:55:50 GMT] PUT /databaseMeta/507f1f77bcf86cd799439011 401 0.051
[Fri, 01 Nov 2019 09:55:50 GMT] DELETE /databaseMeta/5dbc0126b9a60e3a4941363e 401 0.043
[Fri, 01 Nov 2019 09:55:50 GMT] DELETE /databaseMeta/507f1f77bcf86cd799439011 401 0.043
[Fri, 01 Nov 2019 09:56:17 GMT] GET /attribute 200 13.821
[Fri, 01 Nov 2019 09:56:17 GMT] GET /attribute 200 3.077
[Fri, 01 Nov 2019 09:56:17 GMT] GET /attribute/507f1f77bcf86cd799439011 200 5.572
[Fri, 01 Nov 2019 09:56:17 GMT] POST /generator 401 0.185
[Fri, 01 Nov 2019 09:56:17 GMT] POST /generator/inplace 401 0.133
[Fri, 01 Nov 2019 09:56:17 GMT] GET /databaseMeta 401 0.145
[Fri, 01 Nov 2019 09:56:17 GMT] GET /databaseMeta 401 0.156
[Fri, 01 Nov 2019 09:56:17 GMT] GET /databaseMeta/507f1f77bcf86cd799439011 401 0.133
[Fri, 01 Nov 2019 09:56:17 GMT] POST /databaseMeta 401 0.074
[Fri, 01 Nov 2019 09:56:17 GMT] PUT /databaseMeta/5dbc0141f53d0c3a631bbb18 401 0.058
[Fri, 01 Nov 2019 09:56:17 GMT] PUT /databaseMeta/507f1f77bcf86cd799439011 401 0.052
[Fri, 01 Nov 2019 09:56:17 GMT] DELETE /databaseMeta/5dbc0141f53d0c3a631bbb1a 401 0.084
[Fri, 01 Nov 2019 09:56:17 GMT] DELETE /databaseMeta/507f1f77bcf86cd799439011 401 0.047
[Fri, 01 Nov 2019 09:57:45 GMT] GET /attribute 200 15.131
[Fri, 01 Nov 2019 09:57:45 GMT] GET /attribute 200 3.106
[Fri, 01 Nov 2019 09:57:45 GMT] GET /attribute/507f1f77bcf86cd799439011 200 5.005
[Fri, 01 Nov 2019 09:57:45 GMT] POST /attribute 409 4.193
[Fri, 01 Nov 2019 09:57:45 GMT] PUT /attribute/5dbc0199d4964a3a876d0296 200 7.762
[Fri, 01 Nov 2019 09:57:45 GMT] PUT /attribute/507f1f77bcf86cd799439011 412 2.246
[Fri, 01 Nov 2019 09:57:45 GMT] DELETE /attribute/5dbc0199d4964a3a876d0298 200 5.508
[Fri, 01 Nov 2019 09:57:45 GMT] DELETE /attribute/507f1f77bcf86cd799439011 412 2.135
[Fri, 01 Nov 2019 09:57:45 GMT] POST /generator 401 0.213
[Fri, 01 Nov 2019 09:57:45 GMT] POST /generator/inplace 401 0.163
[Fri, 01 Nov 2019 09:57:45 GMT] GET /databaseMeta 401 0.151
[Fri, 01 Nov 2019 09:57:45 GMT] GET /databaseMeta 401 0.160
[Fri, 01 Nov 2019 09:57:45 GMT] GET /databaseMeta/507f1f77bcf86cd799439011 401 0.152
[Fri, 01 Nov 2019 09:57:45 GMT] POST /databaseMeta 401 0.055
[Fri, 01 Nov 2019 09:57:45 GMT] PUT /databaseMeta/5dbc0199d4964a3a876d02a2 401 0.077
[Fri, 01 Nov 2019 09:57:45 GMT] PUT /databaseMeta/507f1f77bcf86cd799439011 401 0.053
[Fri, 01 Nov 2019 09:57:45 GMT] DELETE /databaseMeta/5dbc0199d4964a3a876d02a4 401 0.048
[Fri, 01 Nov 2019 09:57:45 GMT] DELETE /databaseMeta/507f1f77bcf86cd799439011 401 0.047
[Fri, 01 Nov 2019 09:58:47 GMT] GET /attribute 200 13.317
[Fri, 01 Nov 2019 09:58:47 GMT] GET /attribute 200 3.491
[Fri, 01 Nov 2019 09:58:47 GMT] GET /attribute/507f1f77bcf86cd799439011 200 4.496
[Fri, 01 Nov 2019 09:58:47 GMT] POST /attribute 200 3.059
[Fri, 01 Nov 2019 09:58:47 GMT] POST /attribute 409 2.486
[Fri, 01 Nov 2019 09:58:47 GMT] PUT /attribute/5dbc01d770c1743aa53bb75e 200 7.095
[Fri, 01 Nov 2019 09:58:47 GMT] PUT /attribute/507f1f77bcf86cd799439011 412 1.869
[Fri, 01 Nov 2019 09:58:47 GMT] DELETE /attribute/5dbc01d770c1743aa53bb760 200 3.794
[Fri, 01 Nov 2019 09:58:47 GMT] DELETE /attribute/507f1f77bcf86cd799439011 412 1.481
[Fri, 01 Nov 2019 09:58:47 GMT] POST /generator 401 0.174
[Fri, 01 Nov 2019 09:58:47 GMT] POST /generator/inplace 401 0.483
[Fri, 01 Nov 2019 09:58:47 GMT] GET /databaseMeta 401 0.265
[Fri, 01 Nov 2019 09:58:47 GMT] GET /databaseMeta 401 0.168
[Fri, 01 Nov 2019 09:58:47 GMT] GET /databaseMeta/507f1f77bcf86cd799439011 401 0.125
[Fri, 01 Nov 2019 09:58:47 GMT] POST /databaseMeta 401 0.052
[Fri, 01 Nov 2019 09:58:47 GMT] PUT /databaseMeta/5dbc01d770c1743aa53bb76a 401 0.044
[Fri, 01 Nov 2019 09:58:47 GMT] PUT /databaseMeta/507f1f77bcf86cd799439011 401 0.047
[Fri, 01 Nov 2019 09:58:47 GMT] DELETE /databaseMeta/5dbc01d770c1743aa53bb76c 401 0.046
[Fri, 01 Nov 2019 09:58:48 GMT] DELETE /databaseMeta/507f1f77bcf86cd799439011 401 0.046
[Fri, 01 Nov 2019 09:58:57 GMT] GET /attribute 200 14.359
[Fri, 01 Nov 2019 09:58:57 GMT] GET /attribute 200 2.414
[Fri, 01 Nov 2019 09:58:57 GMT] GET /attribute/507f1f77bcf86cd799439011 200 5.549
[Fri, 01 Nov 2019 09:58:57 GMT] POST /attribute 200 3.039
[Fri, 01 Nov 2019 09:58:57 GMT] POST /attribute 409 3.165
[Fri, 01 Nov 2019 09:58:57 GMT] PUT /attribute/5dbc01e172ae483ab755a2d3 200 12.700
[Fri, 01 Nov 2019 09:58:57 GMT] PUT /attribute/507f1f77bcf86cd799439011 412 1.935
[Fri, 01 Nov 2019 09:58:57 GMT] DELETE /attribute/5dbc01e172ae483ab755a2d5 200 4.508
[Fri, 01 Nov 2019 09:58:57 GMT] DELETE /attribute/507f1f77bcf86cd799439011 412 3.446
[Fri, 01 Nov 2019 09:58:57 GMT] POST /generator 401 0.176
[Fri, 01 Nov 2019 09:58:57 GMT] POST /generator/inplace 401 0.144
[Fri, 01 Nov 2019 09:58:57 GMT] GET /databaseMeta 401 0.136
[Fri, 01 Nov 2019 09:58:57 GMT] GET /databaseMeta 401 0.142
[Fri, 01 Nov 2019 09:58:57 GMT] GET /databaseMeta/507f1f77bcf86cd799439011 401 0.134
[Fri, 01 Nov 2019 09:58:57 GMT] POST /databaseMeta 401 0.053
[Fri, 01 Nov 2019 09:58:57 GMT] PUT /databaseMeta/5dbc01e172ae483ab755a2df 401 0.055
[Fri, 01 Nov 2019 09:58:57 GMT] PUT /databaseMeta/507f1f77bcf86cd799439011 401 0.047
[Fri, 01 Nov 2019 09:58:57 GMT] DELETE /databaseMeta/5dbc01e172ae483ab755a2e1 401 0.047
[Fri, 01 Nov 2019 09:58:57 GMT] DELETE /databaseMeta/507f1f77bcf86cd799439011 401 0.047
[Fri, 01 Nov 2019 10:00:26 GMT] GET /attribute 200 15.028
[Fri, 01 Nov 2019 10:00:26 GMT] GET /attribute 200 2.862
[Fri, 01 Nov 2019 10:00:26 GMT] GET /attribute/507f1f77bcf86cd799439011 200 6.671
[Fri, 01 Nov 2019 10:00:26 GMT] POST /attribute 200 3.455
[Fri, 01 Nov 2019 10:00:26 GMT] POST /attribute 409 3.340
[Fri, 01 Nov 2019 10:00:26 GMT] PUT /attribute/5dbc023a9466413aeb34c3b2 200 8.779
[Fri, 01 Nov 2019 10:00:26 GMT] PUT /attribute/507f1f77bcf86cd799439011 412 2.099
[Fri, 01 Nov 2019 10:00:26 GMT] DELETE /attribute/5dbc023a9466413aeb34c3b4 200 3.668
[Fri, 01 Nov 2019 10:00:26 GMT] DELETE /attribute/507f1f77bcf86cd799439011 412 1.910
[Fri, 01 Nov 2019 10:00:26 GMT] POST /generator 401 0.169
[Fri, 01 Nov 2019 10:00:26 GMT] POST /generator/inplace 401 0.157
[Fri, 01 Nov 2019 10:00:26 GMT] GET /databaseMeta 200 3.272
[Fri, 01 Nov 2019 10:00:26 GMT] GET /databaseMeta 200 2.022
[Fri, 01 Nov 2019 10:00:26 GMT] GET /databaseMeta/507f1f77bcf86cd799439011 200 2.159
[Fri, 01 Nov 2019 10:00:26 GMT] POST /databaseMeta 409 2.482
[Fri, 01 Nov 2019 10:00:26 GMT] PUT /databaseMeta/5dbc023a9466413aeb34c3bf 200 4.744
[Fri, 01 Nov 2019 10:00:26 GMT] PUT /databaseMeta/507f1f77bcf86cd799439011 412 2.336
[Fri, 01 Nov 2019 10:00:26 GMT] DELETE /databaseMeta/5dbc023a9466413aeb34c3c1 200 3.428
[Fri, 01 Nov 2019 10:00:26 GMT] DELETE /databaseMeta/507f1f77bcf86cd799439011 412 1.926
[Fri, 01 Nov 2019 10:01:17 GMT] GET /attribute 200 14.796
[Fri, 01 Nov 2019 10:01:17 GMT] GET /attribute 200 14.368
[Fri, 01 Nov 2019 10:01:17 GMT] GET /attribute/507f1f77bcf86cd799439011 200 4.739
[Fri, 01 Nov 2019 10:01:17 GMT] POST /attribute 200 3.013
[Fri, 01 Nov 2019 10:01:17 GMT] POST /attribute 409 4.940
[Fri, 01 Nov 2019 10:01:17 GMT] PUT /attribute/5dbc026ddb89593b1432aadd 200 9.304
[Fri, 01 Nov 2019 10:01:17 GMT] PUT /attribute/507f1f77bcf86cd799439011 412 2.343
[Fri, 01 Nov 2019 10:01:17 GMT] DELETE /attribute/5dbc026ddb89593b1432aadf 200 5.101
[Fri, 01 Nov 2019 10:01:17 GMT] DELETE /attribute/507f1f77bcf86cd799439011 412 2.867
[Fri, 01 Nov 2019 10:01:17 GMT] POST /generator 412 12.290
[Fri, 01 Nov 2019 10:01:17 GMT] POST /generator/inplace 412 16.413
[Fri, 01 Nov 2019 10:01:17 GMT] GET /databaseMeta 200 2.579
[Fri, 01 Nov 2019 10:01:17 GMT] GET /databaseMeta 200 1.957
[Fri, 01 Nov 2019 10:01:17 GMT] GET /databaseMeta/507f1f77bcf86cd799439011 200 2.677
[Fri, 01 Nov 2019 10:01:17 GMT] POST /databaseMeta 409 2.334
[Fri, 01 Nov 2019 10:01:17 GMT] PUT /databaseMeta/5dbc026ddb89593b1432aaea 200 4.811
[Fri, 01 Nov 2019 10:01:17 GMT] PUT /databaseMeta/507f1f77bcf86cd799439011 412 1.889
[Fri, 01 Nov 2019 10:01:17 GMT] DELETE /databaseMeta/5dbc026ddb89593b1432aaec 200 4.776
[Fri, 01 Nov 2019 10:01:17 GMT] DELETE /databaseMeta/507f1f77bcf86cd799439011 412 1.939
[Fri, 01 Nov 2019 10:02:18 GMT] GET /attribute 200 14.396
[Fri, 01 Nov 2019 10:02:18 GMT] GET /attribute 200 5.026
[Fri, 01 Nov 2019 10:02:18 GMT] GET /attribute/507f1f77bcf86cd799439011 200 4.435
[Fri, 01 Nov 2019 10:02:18 GMT] POST /attribute 200 3.509
[Fri, 01 Nov 2019 10:02:18 GMT] POST /attribute 409 2.723
[Fri, 01 Nov 2019 10:02:18 GMT] PUT /attribute/5dbc02aa3787563b2e711853 200 6.802
[Fri, 01 Nov 2019 10:02:18 GMT] PUT /attribute/507f1f77bcf86cd799439011 412 1.852
[Fri, 01 Nov 2019 10:02:18 GMT] DELETE /attribute/5dbc02aa3787563b2e711855 200 4.787
[Fri, 01 Nov 2019 10:02:18 GMT] DELETE /attribute/507f1f77bcf86cd799439011 412 1.747
[Fri, 01 Nov 2019 10:02:18 GMT] POST /generator 412 11.549
[Fri, 01 Nov 2019 10:02:18 GMT] POST /generator/inplace 412 15.239
[Fri, 01 Nov 2019 10:02:18 GMT] GET /databaseMeta 200 2.521
[Fri, 01 Nov 2019 10:02:18 GMT] GET /databaseMeta 200 1.945
[Fri, 01 Nov 2019 10:02:18 GMT] GET /databaseMeta/507f1f77bcf86cd799439011 200 2.334
[Fri, 01 Nov 2019 10:02:18 GMT] POST /databaseMeta 200 2.088
[Fri, 01 Nov 2019 10:02:18 GMT] POST /databaseMeta 409 3.037
[Fri, 01 Nov 2019 10:02:18 GMT] PUT /databaseMeta/5dbc02aa3787563b2e711862 200 6.179
[Fri, 01 Nov 2019 10:02:18 GMT] PUT /databaseMeta/507f1f77bcf86cd799439011 412 1.676
[Fri, 01 Nov 2019 10:02:18 GMT] DELETE /databaseMeta/5dbc02aa3787563b2e711864 200 5.303
[Fri, 01 Nov 2019 10:02:18 GMT] DELETE /databaseMeta/507f1f77bcf86cd799439011 412 1.951
[Fri, 01 Nov 2019 10:10:44 GMT] GET /attribute 200 13.268
[Fri, 01 Nov 2019 10:10:44 GMT] GET /attribute 200 2.535
[Fri, 01 Nov 2019 10:10:44 GMT] GET /attribute/507f1f77bcf86cd799439011 200 4.734
[Fri, 01 Nov 2019 10:10:44 GMT] POST /attribute 200 3.309
[Fri, 01 Nov 2019 10:10:44 GMT] POST /attribute 409 2.694
[Fri, 01 Nov 2019 10:10:44 GMT] PUT /attribute/5dbc04a4d438583b672d15bc 200 7.603
[Fri, 01 Nov 2019 10:10:44 GMT] PUT /attribute/507f1f77bcf86cd799439011 412 1.979
[Fri, 01 Nov 2019 10:10:44 GMT] DELETE /attribute/5dbc04a4d438583b672d15be 200 4.390
[Fri, 01 Nov 2019 10:10:44 GMT] DELETE /attribute/507f1f77bcf86cd799439011 412 2.111
[Fri, 01 Nov 2019 10:10:44 GMT] POST /generator 412 11.224
[Fri, 01 Nov 2019 10:10:44 GMT] POST /generator/inplace 412 17.197
[Fri, 01 Nov 2019 10:10:44 GMT] GET /databaseMeta 200 2.518
[Fri, 01 Nov 2019 10:10:44 GMT] GET /databaseMeta 200 1.801
[Fri, 01 Nov 2019 10:10:44 GMT] GET /databaseMeta/507f1f77bcf86cd799439011 200 2.113
[Fri, 01 Nov 2019 10:10:44 GMT] POST /databaseMeta 200 2.178
[Fri, 01 Nov 2019 10:10:44 GMT] POST /databaseMeta 409 2.075
[Fri, 01 Nov 2019 10:10:44 GMT] PUT /databaseMeta/5dbc04a4d438583b672d15cb 200 3.990
[Fri, 01 Nov 2019 10:10:44 GMT] PUT /databaseMeta/507f1f77bcf86cd799439011 412 1.627
[Fri, 01 Nov 2019 10:10:44 GMT] DELETE /databaseMeta/5dbc04a4d438583b672d15cd 200 3.517
[Fri, 01 Nov 2019 10:10:44 GMT] DELETE /databaseMeta/507f1f77bcf86cd799439011 412 1.622
